[23-Jul-2024 12:55:01 Europe/Berlin] PHP Deprecated:  Constant FILTER_SANITIZE_STRING is deprecated in C:\xampp\htdocs\Capstone\report_feedback.php on line 51
[23-Jul-2024 12:55:01 Europe/Berlin] PHP Deprecated:  Constant FILTER_SANITIZE_STRING is deprecated in C:\xampp\htdocs\Capstone\report_feedback.php on line 52
[23-Jul-2024 12:55:01 Europe/Berlin] PHP Deprecated:  Constant FILTER_SANITIZE_STRING is deprecated in C:\xampp\htdocs\Capstone\report_feedback.php on line 54
[23-Jul-2024 12:55:01 Europe/Berlin] PHP Deprecated:  Constant FILTER_SANITIZE_STRING is deprecated in C:\xampp\htdocs\Capstone\report_feedback.php on line 56
[23-Jul-2024 12:55:23 Europe/Berlin] PHP Deprecated:  Constant FILTER_SANITIZE_STRING is deprecated in C:\xampp\htdocs\Capstone\report_feedback.php on line 51
[23-Jul-2024 12:55:23 Europe/Berlin] PHP Deprecated:  Constant FILTER_SANITIZE_STRING is deprecated in C:\xampp\htdocs\Capstone\report_feedback.php on line 52
[23-Jul-2024 12:55:23 Europe/Berlin] PHP Deprecated:  Constant FILTER_SANITIZE_STRING is deprecated in C:\xampp\htdocs\Capstone\report_feedback.php on line 54
[23-Jul-2024 12:55:23 Europe/Berlin] PHP Deprecated:  Constant FILTER_SANITIZE_STRING is deprecated in C:\xampp\htdocs\Capstone\report_feedback.php on line 56
[23-Jul-2024 12:55:35 Europe/Berlin] PHP Deprecated:  Constant FILTER_SANITIZE_STRING is deprecated in C:\xampp\htdocs\Capstone\report_feedback.php on line 51
[23-Jul-2024 12:55:35 Europe/Berlin] PHP Deprecated:  Constant FILTER_SANITIZE_STRING is deprecated in C:\xampp\htdocs\Capstone\report_feedback.php on line 52
[23-Jul-2024 12:55:35 Europe/Berlin] PHP Deprecated:  Constant FILTER_SANITIZE_STRING is deprecated in C:\xampp\htdocs\Capstone\report_feedback.php on line 54
[23-Jul-2024 12:55:35 Europe/Berlin] PHP Deprecated:  Constant FILTER_SANITIZE_STRING is deprecated in C:\xampp\htdocs\Capstone\report_feedback.php on line 56
[23-Jul-2024 12:55:36 Europe/Berlin] PHP Deprecated:  Constant FILTER_SANITIZE_STRING is deprecated in C:\xampp\htdocs\Capstone\report_feedback.php on line 51
[23-Jul-2024 12:55:36 Europe/Berlin] PHP Deprecated:  Constant FILTER_SANITIZE_STRING is deprecated in C:\xampp\htdocs\Capstone\report_feedback.php on line 52
[23-Jul-2024 12:55:36 Europe/Berlin] PHP Deprecated:  Constant FILTER_SANITIZE_STRING is deprecated in C:\xampp\htdocs\Capstone\report_feedback.php on line 54
[23-Jul-2024 12:55:36 Europe/Berlin] PHP Deprecated:  Constant FILTER_SANITIZE_STRING is deprecated in C:\xampp\htdocs\Capstone\report_feedback.php on line 56
[23-Jul-2024 12:55:39 Europe/Berlin] PHP Deprecated:  Constant FILTER_SANITIZE_STRING is deprecated in C:\xampp\htdocs\Capstone\report_feedback.php on line 51
[23-Jul-2024 12:55:39 Europe/Berlin] PHP Deprecated:  Constant FILTER_SANITIZE_STRING is deprecated in C:\xampp\htdocs\Capstone\report_feedback.php on line 52
[23-Jul-2024 12:55:39 Europe/Berlin] PHP Deprecated:  Constant FILTER_SANITIZE_STRING is deprecated in C:\xampp\htdocs\Capstone\report_feedback.php on line 54
[23-Jul-2024 12:55:39 Europe/Berlin] PHP Deprecated:  Constant FILTER_SANITIZE_STRING is deprecated in C:\xampp\htdocs\Capstone\report_feedback.php on line 56
[23-Jul-2024 12:55:48 Europe/Berlin] PHP Deprecated:  Constant FILTER_SANITIZE_STRING is deprecated in C:\xampp\htdocs\Capstone\report_feedback.php on line 51
[23-Jul-2024 12:55:48 Europe/Berlin] PHP Deprecated:  Constant FILTER_SANITIZE_STRING is deprecated in C:\xampp\htdocs\Capstone\report_feedback.php on line 52
[23-Jul-2024 12:55:48 Europe/Berlin] PHP Deprecated:  Constant FILTER_SANITIZE_STRING is deprecated in C:\xampp\htdocs\Capstone\report_feedback.php on line 54
[23-Jul-2024 12:55:48 Europe/Berlin] PHP Deprecated:  Constant FILTER_SANITIZE_STRING is deprecated in C:\xampp\htdocs\Capstone\report_feedback.php on line 56
[23-Jul-2024 13:00:00 Europe/Berlin] PHP Deprecated:  Constant FILTER_SANITIZE_STRING is deprecated in C:\xampp\htdocs\Capstone\report_feedback.php on line 51
[23-Jul-2024 13:00:00 Europe/Berlin] PHP Deprecated:  Constant FILTER_SANITIZE_STRING is deprecated in C:\xampp\htdocs\Capstone\report_feedback.php on line 52
[23-Jul-2024 13:00:00 Europe/Berlin] PHP Deprecated:  Constant FILTER_SANITIZE_STRING is deprecated in C:\xampp\htdocs\Capstone\report_feedback.php on line 54
[23-Jul-2024 13:00:00 Europe/Berlin] PHP Deprecated:  Constant FILTER_SANITIZE_STRING is deprecated in C:\xampp\htdocs\Capstone\report_feedback.php on line 56
[23-Jul-2024 13:00:04 Europe/Berlin] PHP Deprecated:  Constant FILTER_SANITIZE_STRING is deprecated in C:\xampp\htdocs\Capstone\report_feedback.php on line 51
[23-Jul-2024 13:00:04 Europe/Berlin] PHP Deprecated:  Constant FILTER_SANITIZE_STRING is deprecated in C:\xampp\htdocs\Capstone\report_feedback.php on line 52
[23-Jul-2024 13:00:04 Europe/Berlin] PHP Deprecated:  Constant FILTER_SANITIZE_STRING is deprecated in C:\xampp\htdocs\Capstone\report_feedback.php on line 54
[23-Jul-2024 13:00:04 Europe/Berlin] PHP Deprecated:  Constant FILTER_SANITIZE_STRING is deprecated in C:\xampp\htdocs\Capstone\report_feedback.php on line 56
[23-Jul-2024 13:02:18 Europe/Berlin] PHP Deprecated:  Constant FILTER_SANITIZE_STRING is deprecated in C:\xampp\htdocs\Capstone\report_feedback.php on line 51
[23-Jul-2024 13:02:18 Europe/Berlin] PHP Deprecated:  Constant FILTER_SANITIZE_STRING is deprecated in C:\xampp\htdocs\Capstone\report_feedback.php on line 52
[23-Jul-2024 13:02:18 Europe/Berlin] PHP Deprecated:  Constant FILTER_SANITIZE_STRING is deprecated in C:\xampp\htdocs\Capstone\report_feedback.php on line 54
[23-Jul-2024 13:02:18 Europe/Berlin] PHP Deprecated:  Constant FILTER_SANITIZE_STRING is deprecated in C:\xampp\htdocs\Capstone\report_feedback.php on line 56
[23-Jul-2024 13:10:20 Europe/Berlin] PHP Deprecated:  Constant FILTER_SANITIZE_STRING is deprecated in C:\xampp\htdocs\Capstone\report_feedback.php on line 51
[23-Jul-2024 13:10:20 Europe/Berlin] PHP Deprecated:  Constant FILTER_SANITIZE_STRING is deprecated in C:\xampp\htdocs\Capstone\report_feedback.php on line 52
[23-Jul-2024 13:10:20 Europe/Berlin] PHP Deprecated:  Constant FILTER_SANITIZE_STRING is deprecated in C:\xampp\htdocs\Capstone\report_feedback.php on line 54
[23-Jul-2024 13:10:20 Europe/Berlin] PHP Deprecated:  Constant FILTER_SANITIZE_STRING is deprecated in C:\xampp\htdocs\Capstone\report_feedback.php on line 56
[23-Jul-2024 13:12:17 Europe/Berlin] PHP Deprecated:  Constant FILTER_SANITIZE_STRING is deprecated in C:\xampp\htdocs\Capstone\report_feedback.php on line 52
[23-Jul-2024 13:12:17 Europe/Berlin] PHP Deprecated:  Constant FILTER_SANITIZE_STRING is deprecated in C:\xampp\htdocs\Capstone\report_feedback.php on line 53
[23-Jul-2024 13:12:17 Europe/Berlin] PHP Deprecated:  Constant FILTER_SANITIZE_STRING is deprecated in C:\xampp\htdocs\Capstone\report_feedback.php on line 55
[23-Jul-2024 13:12:17 Europe/Berlin] PHP Deprecated:  Constant FILTER_SANITIZE_STRING is deprecated in C:\xampp\htdocs\Capstone\report_feedback.php on line 57
[23-Jul-2024 13:12:17 Europe/Berlin] PHP Warning:  Undefined array key "role" in C:\xampp\htdocs\Capstone\report_feedback.php on line 66
[23-Jul-2024 13:22:57 Europe/Berlin] PHP Deprecated:  Constant FILTER_SANITIZE_STRING is deprecated in C:\xampp\htdocs\Capstone\report_feedback.php on line 52
[23-Jul-2024 13:22:57 Europe/Berlin] PHP Deprecated:  Constant FILTER_SANITIZE_STRING is deprecated in C:\xampp\htdocs\Capstone\report_feedback.php on line 53
[23-Jul-2024 13:22:57 Europe/Berlin] PHP Deprecated:  Constant FILTER_SANITIZE_STRING is deprecated in C:\xampp\htdocs\Capstone\report_feedback.php on line 55
[23-Jul-2024 13:22:57 Europe/Berlin] PHP Deprecated:  Constant FILTER_SANITIZE_STRING is deprecated in C:\xampp\htdocs\Capstone\report_feedback.php on line 57
[23-Jul-2024 13:22:57 Europe/Berlin] PHP Warning:  Undefined array key "role" in C:\xampp\htdocs\Capstone\report_feedback.php on line 66
[23-Jul-2024 13:27:48 Europe/Berlin] PHP Deprecated:  Constant FILTER_SANITIZE_STRING is deprecated in C:\xampp\htdocs\Capstone\report_feedback.php on line 49
[23-Jul-2024 13:27:48 Europe/Berlin] PHP Deprecated:  Constant FILTER_SANITIZE_STRING is deprecated in C:\xampp\htdocs\Capstone\report_feedback.php on line 50
[23-Jul-2024 13:27:48 Europe/Berlin] PHP Deprecated:  Constant FILTER_SANITIZE_STRING is deprecated in C:\xampp\htdocs\Capstone\report_feedback.php on line 52
[23-Jul-2024 13:27:48 Europe/Berlin] PHP Deprecated:  Constant FILTER_SANITIZE_STRING is deprecated in C:\xampp\htdocs\Capstone\report_feedback.php on line 54
[23-Jul-2024 13:27:48 Europe/Berlin] PHP Warning:  Undefined array key "role" in C:\xampp\htdocs\Capstone\report_feedback.php on line 60
[23-Jul-2024 13:29:52 Europe/Berlin] PHP Deprecated:  Constant FILTER_SANITIZE_STRING is deprecated in C:\xampp\htdocs\Capstone\report_feedback.php on line 49
[23-Jul-2024 13:29:52 Europe/Berlin] PHP Deprecated:  Constant FILTER_SANITIZE_STRING is deprecated in C:\xampp\htdocs\Capstone\report_feedback.php on line 50
[23-Jul-2024 13:29:52 Europe/Berlin] PHP Deprecated:  Constant FILTER_SANITIZE_STRING is deprecated in C:\xampp\htdocs\Capstone\report_feedback.php on line 52
[23-Jul-2024 13:29:52 Europe/Berlin] PHP Deprecated:  Constant FILTER_SANITIZE_STRING is deprecated in C:\xampp\htdocs\Capstone\report_feedback.php on line 54
[23-Jul-2024 13:29:52 Europe/Berlin] PHP Warning:  Undefined array key "role" in C:\xampp\htdocs\Capstone\report_feedback.php on line 60
[23-Jul-2024 13:33:29 Europe/Berlin] PHP Deprecated:  Constant FILTER_SANITIZE_STRING is deprecated in C:\xampp\htdocs\Capstone\report_feedback.php on line 49
[23-Jul-2024 13:33:29 Europe/Berlin] PHP Deprecated:  Constant FILTER_SANITIZE_STRING is deprecated in C:\xampp\htdocs\Capstone\report_feedback.php on line 50
[23-Jul-2024 13:33:29 Europe/Berlin] PHP Deprecated:  Constant FILTER_SANITIZE_STRING is deprecated in C:\xampp\htdocs\Capstone\report_feedback.php on line 52
[23-Jul-2024 13:33:29 Europe/Berlin] PHP Deprecated:  Constant FILTER_SANITIZE_STRING is deprecated in C:\xampp\htdocs\Capstone\report_feedback.php on line 54
[23-Jul-2024 13:33:29 Europe/Berlin] PHP Warning:  Undefined array key "role" in C:\xampp\htdocs\Capstone\report_feedback.php on line 60
[23-Jul-2024 13:33:47 Europe/Berlin] PHP Deprecated:  Constant FILTER_SANITIZE_STRING is deprecated in C:\xampp\htdocs\Capstone\report_feedback.php on line 49
[23-Jul-2024 13:33:47 Europe/Berlin] PHP Deprecated:  Constant FILTER_SANITIZE_STRING is deprecated in C:\xampp\htdocs\Capstone\report_feedback.php on line 50
[23-Jul-2024 13:33:47 Europe/Berlin] PHP Deprecated:  Constant FILTER_SANITIZE_STRING is deprecated in C:\xampp\htdocs\Capstone\report_feedback.php on line 52
[23-Jul-2024 13:33:47 Europe/Berlin] PHP Deprecated:  Constant FILTER_SANITIZE_STRING is deprecated in C:\xampp\htdocs\Capstone\report_feedback.php on line 54
[23-Jul-2024 13:33:47 Europe/Berlin] PHP Warning:  Undefined array key "role" in C:\xampp\htdocs\Capstone\report_feedback.php on line 60
[23-Jul-2024 13:38:34 Europe/Berlin] PHP Deprecated:  Constant FILTER_SANITIZE_STRING is deprecated in C:\xampp\htdocs\Capstone\report_feedback.php on line 49
[23-Jul-2024 13:38:34 Europe/Berlin] PHP Deprecated:  Constant FILTER_SANITIZE_STRING is deprecated in C:\xampp\htdocs\Capstone\report_feedback.php on line 50
[23-Jul-2024 13:38:34 Europe/Berlin] PHP Deprecated:  Constant FILTER_SANITIZE_STRING is deprecated in C:\xampp\htdocs\Capstone\report_feedback.php on line 52
[23-Jul-2024 13:38:34 Europe/Berlin] PHP Deprecated:  Constant FILTER_SANITIZE_STRING is deprecated in C:\xampp\htdocs\Capstone\report_feedback.php on line 54
[23-Jul-2024 13:38:34 Europe/Berlin] PHP Warning:  Undefined array key "role" in C:\xampp\htdocs\Capstone\report_feedback.php on line 60
[23-Jul-2024 13:47:20 Europe/Berlin] PHP Deprecated:  Constant FILTER_SANITIZE_STRING is deprecated in C:\xampp\htdocs\Capstone\report_feedback.php on line 49
[23-Jul-2024 13:47:20 Europe/Berlin] PHP Deprecated:  Constant FILTER_SANITIZE_STRING is deprecated in C:\xampp\htdocs\Capstone\report_feedback.php on line 50
[23-Jul-2024 13:47:20 Europe/Berlin] PHP Deprecated:  Constant FILTER_SANITIZE_STRING is deprecated in C:\xampp\htdocs\Capstone\report_feedback.php on line 52
[23-Jul-2024 13:47:20 Europe/Berlin] PHP Deprecated:  Constant FILTER_SANITIZE_STRING is deprecated in C:\xampp\htdocs\Capstone\report_feedback.php on line 54
[23-Jul-2024 13:47:20 Europe/Berlin] PHP Warning:  Undefined array key "role" in C:\xampp\htdocs\Capstone\report_feedback.php on line 60
[23-Jul-2024 13:48:48 Europe/Berlin] PHP Deprecated:  Constant FILTER_SANITIZE_STRING is deprecated in C:\xampp\htdocs\Capstone\report_feedback.php on line 49
[23-Jul-2024 13:48:48 Europe/Berlin] PHP Deprecated:  Constant FILTER_SANITIZE_STRING is deprecated in C:\xampp\htdocs\Capstone\report_feedback.php on line 50
[23-Jul-2024 13:48:48 Europe/Berlin] PHP Deprecated:  Constant FILTER_SANITIZE_STRING is deprecated in C:\xampp\htdocs\Capstone\report_feedback.php on line 52
[23-Jul-2024 13:48:48 Europe/Berlin] PHP Deprecated:  Constant FILTER_SANITIZE_STRING is deprecated in C:\xampp\htdocs\Capstone\report_feedback.php on line 54
[23-Jul-2024 13:48:48 Europe/Berlin] PHP Warning:  Undefined array key "role" in C:\xampp\htdocs\Capstone\report_feedback.php on line 60
[23-Jul-2024 13:51:55 Europe/Berlin] PHP Deprecated:  Constant FILTER_SANITIZE_STRING is deprecated in C:\xampp\htdocs\Capstone\report_feedback.php on line 49
[23-Jul-2024 13:51:55 Europe/Berlin] PHP Deprecated:  Constant FILTER_SANITIZE_STRING is deprecated in C:\xampp\htdocs\Capstone\report_feedback.php on line 50
[23-Jul-2024 13:51:55 Europe/Berlin] PHP Deprecated:  Constant FILTER_SANITIZE_STRING is deprecated in C:\xampp\htdocs\Capstone\report_feedback.php on line 52
[23-Jul-2024 13:51:55 Europe/Berlin] PHP Deprecated:  Constant FILTER_SANITIZE_STRING is deprecated in C:\xampp\htdocs\Capstone\report_feedback.php on line 54
[23-Jul-2024 13:51:55 Europe/Berlin] PHP Warning:  Undefined array key "role" in C:\xampp\htdocs\Capstone\report_feedback.php on line 67
[23-Jul-2024 13:54:32 Europe/Berlin] PHP Deprecated:  Constant FILTER_SANITIZE_STRING is deprecated in C:\xampp\htdocs\Capstone\report_feedback.php on line 49
[23-Jul-2024 13:54:32 Europe/Berlin] PHP Deprecated:  Constant FILTER_SANITIZE_STRING is deprecated in C:\xampp\htdocs\Capstone\report_feedback.php on line 50
[23-Jul-2024 13:54:32 Europe/Berlin] PHP Deprecated:  Constant FILTER_SANITIZE_STRING is deprecated in C:\xampp\htdocs\Capstone\report_feedback.php on line 52
[23-Jul-2024 13:54:32 Europe/Berlin] PHP Deprecated:  Constant FILTER_SANITIZE_STRING is deprecated in C:\xampp\htdocs\Capstone\report_feedback.php on line 54
[23-Jul-2024 13:54:32 Europe/Berlin] PHP Warning:  Undefined array key "role" in C:\xampp\htdocs\Capstone\report_feedback.php on line 67
[23-Jul-2024 13:56:16 Europe/Berlin] PHP Deprecated:  Constant FILTER_SANITIZE_STRING is deprecated in C:\xampp\htdocs\Capstone\report_feedback.php on line 49
[23-Jul-2024 13:56:16 Europe/Berlin] PHP Deprecated:  Constant FILTER_SANITIZE_STRING is deprecated in C:\xampp\htdocs\Capstone\report_feedback.php on line 50
[23-Jul-2024 13:56:16 Europe/Berlin] PHP Deprecated:  Constant FILTER_SANITIZE_STRING is deprecated in C:\xampp\htdocs\Capstone\report_feedback.php on line 52
[23-Jul-2024 13:56:16 Europe/Berlin] PHP Deprecated:  Constant FILTER_SANITIZE_STRING is deprecated in C:\xampp\htdocs\Capstone\report_feedback.php on line 54
[23-Jul-2024 13:56:16 Europe/Berlin] PHP Warning:  Undefined array key "role" in C:\xampp\htdocs\Capstone\report_feedback.php on line 67
[23-Jul-2024 14:07:16 Europe/Berlin] PHP Deprecated:  Constant FILTER_SANITIZE_STRING is deprecated in C:\xampp\htdocs\Capstone\report_feedback.php on line 49
[23-Jul-2024 14:07:16 Europe/Berlin] PHP Deprecated:  Constant FILTER_SANITIZE_STRING is deprecated in C:\xampp\htdocs\Capstone\report_feedback.php on line 50
[23-Jul-2024 14:07:16 Europe/Berlin] PHP Deprecated:  Constant FILTER_SANITIZE_STRING is deprecated in C:\xampp\htdocs\Capstone\report_feedback.php on line 52
[23-Jul-2024 14:07:16 Europe/Berlin] PHP Deprecated:  Constant FILTER_SANITIZE_STRING is deprecated in C:\xampp\htdocs\Capstone\report_feedback.php on line 54
[23-Jul-2024 14:07:16 Europe/Berlin] PHP Warning:  Undefined array key "role" in C:\xampp\htdocs\Capstone\report_feedback.php on line 67
[23-Jul-2024 14:17:29 Europe/Berlin] PHP Deprecated:  Constant FILTER_SANITIZE_STRING is deprecated in C:\xampp\htdocs\Capstone\report_feedback.php on line 49
[23-Jul-2024 14:17:29 Europe/Berlin] PHP Deprecated:  Constant FILTER_SANITIZE_STRING is deprecated in C:\xampp\htdocs\Capstone\report_feedback.php on line 50
[23-Jul-2024 14:17:29 Europe/Berlin] PHP Deprecated:  Constant FILTER_SANITIZE_STRING is deprecated in C:\xampp\htdocs\Capstone\report_feedback.php on line 52
[23-Jul-2024 14:17:29 Europe/Berlin] PHP Deprecated:  Constant FILTER_SANITIZE_STRING is deprecated in C:\xampp\htdocs\Capstone\report_feedback.php on line 54
[23-Jul-2024 14:17:29 Europe/Berlin] PHP Warning:  Undefined array key "role" in C:\xampp\htdocs\Capstone\report_feedback.php on line 67
[23-Jul-2024 14:18:13 Europe/Berlin] PHP Deprecated:  Constant FILTER_SANITIZE_STRING is deprecated in C:\xampp\htdocs\Capstone\report_feedback.php on line 49
[23-Jul-2024 14:18:13 Europe/Berlin] PHP Deprecated:  Constant FILTER_SANITIZE_STRING is deprecated in C:\xampp\htdocs\Capstone\report_feedback.php on line 50
[23-Jul-2024 14:18:13 Europe/Berlin] PHP Deprecated:  Constant FILTER_SANITIZE_STRING is deprecated in C:\xampp\htdocs\Capstone\report_feedback.php on line 52
[23-Jul-2024 14:18:13 Europe/Berlin] PHP Deprecated:  Constant FILTER_SANITIZE_STRING is deprecated in C:\xampp\htdocs\Capstone\report_feedback.php on line 54
[23-Jul-2024 14:18:13 Europe/Berlin] PHP Warning:  Undefined array key "role" in C:\xampp\htdocs\Capstone\report_feedback.php on line 67
[23-Jul-2024 14:18:42 Europe/Berlin] PHP Deprecated:  Constant FILTER_SANITIZE_STRING is deprecated in C:\xampp\htdocs\Capstone\report_feedback.php on line 49
[23-Jul-2024 14:18:42 Europe/Berlin] PHP Deprecated:  Constant FILTER_SANITIZE_STRING is deprecated in C:\xampp\htdocs\Capstone\report_feedback.php on line 50
[23-Jul-2024 14:18:42 Europe/Berlin] PHP Deprecated:  Constant FILTER_SANITIZE_STRING is deprecated in C:\xampp\htdocs\Capstone\report_feedback.php on line 52
[23-Jul-2024 14:18:42 Europe/Berlin] PHP Deprecated:  Constant FILTER_SANITIZE_STRING is deprecated in C:\xampp\htdocs\Capstone\report_feedback.php on line 54
[23-Jul-2024 14:18:42 Europe/Berlin] PHP Warning:  Undefined array key "role" in C:\xampp\htdocs\Capstone\report_feedback.php on line 67
[23-Jul-2024 14:21:08 Europe/Berlin] PHP Deprecated:  Constant FILTER_SANITIZE_STRING is deprecated in C:\xampp\htdocs\Capstone\report_feedback.php on line 49
[23-Jul-2024 14:21:08 Europe/Berlin] PHP Deprecated:  Constant FILTER_SANITIZE_STRING is deprecated in C:\xampp\htdocs\Capstone\report_feedback.php on line 50
[23-Jul-2024 14:21:08 Europe/Berlin] PHP Deprecated:  Constant FILTER_SANITIZE_STRING is deprecated in C:\xampp\htdocs\Capstone\report_feedback.php on line 52
[23-Jul-2024 14:21:08 Europe/Berlin] PHP Deprecated:  Constant FILTER_SANITIZE_STRING is deprecated in C:\xampp\htdocs\Capstone\report_feedback.php on line 54
[23-Jul-2024 14:21:08 Europe/Berlin] PHP Warning:  Undefined array key "role" in C:\xampp\htdocs\Capstone\report_feedback.php on line 67
[23-Jul-2024 14:21:37 Europe/Berlin] PHP Deprecated:  Constant FILTER_SANITIZE_STRING is deprecated in C:\xampp\htdocs\Capstone\report_feedback.php on line 49
[23-Jul-2024 14:21:37 Europe/Berlin] PHP Deprecated:  Constant FILTER_SANITIZE_STRING is deprecated in C:\xampp\htdocs\Capstone\report_feedback.php on line 50
[23-Jul-2024 14:21:37 Europe/Berlin] PHP Deprecated:  Constant FILTER_SANITIZE_STRING is deprecated in C:\xampp\htdocs\Capstone\report_feedback.php on line 52
[23-Jul-2024 14:21:37 Europe/Berlin] PHP Deprecated:  Constant FILTER_SANITIZE_STRING is deprecated in C:\xampp\htdocs\Capstone\report_feedback.php on line 54
[23-Jul-2024 14:21:37 Europe/Berlin] PHP Warning:  Undefined array key "role" in C:\xampp\htdocs\Capstone\report_feedback.php on line 67
[23-Jul-2024 14:22:11 Europe/Berlin] PHP Deprecated:  Constant FILTER_SANITIZE_STRING is deprecated in C:\xampp\htdocs\Capstone\report_feedback.php on line 49
[23-Jul-2024 14:22:11 Europe/Berlin] PHP Deprecated:  Constant FILTER_SANITIZE_STRING is deprecated in C:\xampp\htdocs\Capstone\report_feedback.php on line 50
[23-Jul-2024 14:22:11 Europe/Berlin] PHP Deprecated:  Constant FILTER_SANITIZE_STRING is deprecated in C:\xampp\htdocs\Capstone\report_feedback.php on line 52
[23-Jul-2024 14:22:11 Europe/Berlin] PHP Deprecated:  Constant FILTER_SANITIZE_STRING is deprecated in C:\xampp\htdocs\Capstone\report_feedback.php on line 54
[23-Jul-2024 14:22:11 Europe/Berlin] PHP Warning:  Undefined array key "role" in C:\xampp\htdocs\Capstone\report_feedback.php on line 67
[23-Jul-2024 14:28:25 Europe/Berlin] PHP Warning:  Undefined array key "rating" in C:\xampp\htdocs\Capstone\report_feedback.php on line 64
[23-Jul-2024 14:28:25 Europe/Berlin] PHP Warning:  Undefined array key "role" in C:\xampp\htdocs\Capstone\report_feedback.php on line 67
[23-Jul-2024 14:33:48 Europe/Berlin] PHP Deprecated:  Constant FILTER_SANITIZE_STRING is deprecated in C:\xampp\htdocs\Capstone\report_feedback.php on line 49
[23-Jul-2024 14:33:48 Europe/Berlin] PHP Deprecated:  Constant FILTER_SANITIZE_STRING is deprecated in C:\xampp\htdocs\Capstone\report_feedback.php on line 50
[23-Jul-2024 14:33:48 Europe/Berlin] PHP Deprecated:  Constant FILTER_SANITIZE_STRING is deprecated in C:\xampp\htdocs\Capstone\report_feedback.php on line 52
[23-Jul-2024 14:33:48 Europe/Berlin] PHP Deprecated:  Constant FILTER_SANITIZE_STRING is deprecated in C:\xampp\htdocs\Capstone\report_feedback.php on line 54
[23-Jul-2024 14:33:48 Europe/Berlin] PHP Warning:  Undefined array key "role" in C:\xampp\htdocs\Capstone\report_feedback.php on line 67
[23-Jul-2024 14:35:49 Europe/Berlin] PHP Deprecated:  Constant FILTER_SANITIZE_STRING is deprecated in C:\xampp\htdocs\Capstone\report_feedback.php on line 49
[23-Jul-2024 14:35:49 Europe/Berlin] PHP Deprecated:  Constant FILTER_SANITIZE_STRING is deprecated in C:\xampp\htdocs\Capstone\report_feedback.php on line 50
[23-Jul-2024 14:35:49 Europe/Berlin] PHP Deprecated:  Constant FILTER_SANITIZE_STRING is deprecated in C:\xampp\htdocs\Capstone\report_feedback.php on line 52
[23-Jul-2024 14:35:49 Europe/Berlin] PHP Deprecated:  Constant FILTER_SANITIZE_STRING is deprecated in C:\xampp\htdocs\Capstone\report_feedback.php on line 54
[23-Jul-2024 14:35:49 Europe/Berlin] PHP Warning:  Undefined array key "role" in C:\xampp\htdocs\Capstone\report_feedback.php on line 67
[23-Jul-2024 14:47:41 Europe/Berlin] PHP Deprecated:  Constant FILTER_SANITIZE_STRING is deprecated in C:\xampp\htdocs\Capstone\report_feedback.php on line 49
[23-Jul-2024 14:47:41 Europe/Berlin] PHP Deprecated:  Constant FILTER_SANITIZE_STRING is deprecated in C:\xampp\htdocs\Capstone\report_feedback.php on line 50
[23-Jul-2024 14:47:41 Europe/Berlin] PHP Deprecated:  Constant FILTER_SANITIZE_STRING is deprecated in C:\xampp\htdocs\Capstone\report_feedback.php on line 52
[23-Jul-2024 14:47:41 Europe/Berlin] PHP Deprecated:  Constant FILTER_SANITIZE_STRING is deprecated in C:\xampp\htdocs\Capstone\report_feedback.php on line 54
[23-Jul-2024 14:47:41 Europe/Berlin] PHP Warning:  Undefined array key "role" in C:\xampp\htdocs\Capstone\report_feedback.php on line 67
[23-Jul-2024 14:49:49 Europe/Berlin] PHP Deprecated:  Constant FILTER_SANITIZE_STRING is deprecated in C:\xampp\htdocs\Capstone\report_feedback.php on line 49
[23-Jul-2024 14:49:49 Europe/Berlin] PHP Deprecated:  Constant FILTER_SANITIZE_STRING is deprecated in C:\xampp\htdocs\Capstone\report_feedback.php on line 50
[23-Jul-2024 14:49:49 Europe/Berlin] PHP Deprecated:  Constant FILTER_SANITIZE_STRING is deprecated in C:\xampp\htdocs\Capstone\report_feedback.php on line 52
[23-Jul-2024 14:49:49 Europe/Berlin] PHP Deprecated:  Constant FILTER_SANITIZE_STRING is deprecated in C:\xampp\htdocs\Capstone\report_feedback.php on line 54
[23-Jul-2024 14:49:49 Europe/Berlin] PHP Warning:  Undefined array key "role" in C:\xampp\htdocs\Capstone\report_feedback.php on line 67
[23-Jul-2024 14:53:52 Europe/Berlin] PHP Deprecated:  Constant FILTER_SANITIZE_STRING is deprecated in C:\xampp\htdocs\Capstone\report_feedback.php on line 49
[23-Jul-2024 14:53:52 Europe/Berlin] PHP Deprecated:  Constant FILTER_SANITIZE_STRING is deprecated in C:\xampp\htdocs\Capstone\report_feedback.php on line 50
[23-Jul-2024 14:53:52 Europe/Berlin] PHP Deprecated:  Constant FILTER_SANITIZE_STRING is deprecated in C:\xampp\htdocs\Capstone\report_feedback.php on line 52
[23-Jul-2024 14:53:52 Europe/Berlin] PHP Deprecated:  Constant FILTER_SANITIZE_STRING is deprecated in C:\xampp\htdocs\Capstone\report_feedback.php on line 54
[23-Jul-2024 14:53:52 Europe/Berlin] PHP Warning:  Undefined array key "role" in C:\xampp\htdocs\Capstone\report_feedback.php on line 67
[23-Jul-2024 15:00:35 Europe/Berlin] PHP Deprecated:  Constant FILTER_SANITIZE_STRING is deprecated in C:\xampp\htdocs\Capstone\report_feedback.php on line 49
[23-Jul-2024 15:00:35 Europe/Berlin] PHP Deprecated:  Constant FILTER_SANITIZE_STRING is deprecated in C:\xampp\htdocs\Capstone\report_feedback.php on line 50
[23-Jul-2024 15:00:35 Europe/Berlin] PHP Deprecated:  Constant FILTER_SANITIZE_STRING is deprecated in C:\xampp\htdocs\Capstone\report_feedback.php on line 52
[23-Jul-2024 15:00:35 Europe/Berlin] PHP Deprecated:  Constant FILTER_SANITIZE_STRING is deprecated in C:\xampp\htdocs\Capstone\report_feedback.php on line 54
[23-Jul-2024 15:00:35 Europe/Berlin] PHP Warning:  Undefined array key "role" in C:\xampp\htdocs\Capstone\report_feedback.php on line 67
[23-Jul-2024 15:06:02 Europe/Berlin] PHP Deprecated:  Constant FILTER_SANITIZE_STRING is deprecated in C:\xampp\htdocs\Capstone\report_feedback.php on line 49
[23-Jul-2024 15:06:02 Europe/Berlin] PHP Deprecated:  Constant FILTER_SANITIZE_STRING is deprecated in C:\xampp\htdocs\Capstone\report_feedback.php on line 50
[23-Jul-2024 15:06:02 Europe/Berlin] PHP Deprecated:  Constant FILTER_SANITIZE_STRING is deprecated in C:\xampp\htdocs\Capstone\report_feedback.php on line 52
[23-Jul-2024 15:06:02 Europe/Berlin] PHP Deprecated:  Constant FILTER_SANITIZE_STRING is deprecated in C:\xampp\htdocs\Capstone\report_feedback.php on line 54
[23-Jul-2024 15:06:02 Europe/Berlin] PHP Warning:  Undefined array key "role" in C:\xampp\htdocs\Capstone\report_feedback.php on line 67
[23-Jul-2024 15:23:42 Europe/Berlin] PHP Deprecated:  Constant FILTER_SANITIZE_STRING is deprecated in C:\xampp\htdocs\Capstone\report_feedback.php on line 49
[23-Jul-2024 15:23:42 Europe/Berlin] PHP Deprecated:  Constant FILTER_SANITIZE_STRING is deprecated in C:\xampp\htdocs\Capstone\report_feedback.php on line 50
[23-Jul-2024 15:23:42 Europe/Berlin] PHP Deprecated:  Constant FILTER_SANITIZE_STRING is deprecated in C:\xampp\htdocs\Capstone\report_feedback.php on line 52
[23-Jul-2024 15:23:42 Europe/Berlin] PHP Deprecated:  Constant FILTER_SANITIZE_STRING is deprecated in C:\xampp\htdocs\Capstone\report_feedback.php on line 54
[23-Jul-2024 15:23:42 Europe/Berlin] PHP Warning:  Undefined array key "role" in C:\xampp\htdocs\Capstone\report_feedback.php on line 67
[23-Jul-2024 15:24:24 Europe/Berlin] PHP Deprecated:  Constant FILTER_SANITIZE_STRING is deprecated in C:\xampp\htdocs\Capstone\report_feedback.php on line 49
[23-Jul-2024 15:24:24 Europe/Berlin] PHP Deprecated:  Constant FILTER_SANITIZE_STRING is deprecated in C:\xampp\htdocs\Capstone\report_feedback.php on line 50
[23-Jul-2024 15:24:24 Europe/Berlin] PHP Deprecated:  Constant FILTER_SANITIZE_STRING is deprecated in C:\xampp\htdocs\Capstone\report_feedback.php on line 52
[23-Jul-2024 15:24:24 Europe/Berlin] PHP Deprecated:  Constant FILTER_SANITIZE_STRING is deprecated in C:\xampp\htdocs\Capstone\report_feedback.php on line 54
[23-Jul-2024 15:24:24 Europe/Berlin] PHP Warning:  Undefined array key "role" in C:\xampp\htdocs\Capstone\report_feedback.php on line 67
[24-Jul-2024 07:19:23 Europe/Berlin] PHP Deprecated:  Constant FILTER_SANITIZE_STRING is deprecated in C:\xampp\htdocs\Capstone\report_feedback.php on line 49
[24-Jul-2024 07:19:23 Europe/Berlin] PHP Deprecated:  Constant FILTER_SANITIZE_STRING is deprecated in C:\xampp\htdocs\Capstone\report_feedback.php on line 50
[24-Jul-2024 07:19:23 Europe/Berlin] PHP Deprecated:  Constant FILTER_SANITIZE_STRING is deprecated in C:\xampp\htdocs\Capstone\report_feedback.php on line 52
[24-Jul-2024 07:19:23 Europe/Berlin] PHP Deprecated:  Constant FILTER_SANITIZE_STRING is deprecated in C:\xampp\htdocs\Capstone\report_feedback.php on line 54
[24-Jul-2024 07:19:23 Europe/Berlin] PHP Warning:  Undefined array key "role" in C:\xampp\htdocs\Capstone\report_feedback.php on line 67
[24-Jul-2024 09:35:25 Europe/Berlin] PHP Deprecated:  Constant FILTER_SANITIZE_STRING is deprecated in C:\xampp\htdocs\Capstone\report_feedback.php on line 49
[24-Jul-2024 09:35:25 Europe/Berlin] PHP Deprecated:  Constant FILTER_SANITIZE_STRING is deprecated in C:\xampp\htdocs\Capstone\report_feedback.php on line 50
[24-Jul-2024 09:35:25 Europe/Berlin] PHP Deprecated:  Constant FILTER_SANITIZE_STRING is deprecated in C:\xampp\htdocs\Capstone\report_feedback.php on line 52
[24-Jul-2024 09:35:25 Europe/Berlin] PHP Deprecated:  Constant FILTER_SANITIZE_STRING is deprecated in C:\xampp\htdocs\Capstone\report_feedback.php on line 54
[24-Jul-2024 09:35:25 Europe/Berlin] PHP Warning:  Undefined array key "role" in C:\xampp\htdocs\Capstone\report_feedback.php on line 67
[12-Oct-2024 15:14:26 Europe/Berlin] PHP Deprecated:  Constant FILTER_SANITIZE_STRING is deprecated in C:\xampp\htdocs\Capstone\report_feedback.php on line 49
[12-Oct-2024 15:14:26 Europe/Berlin] PHP Deprecated:  Constant FILTER_SANITIZE_STRING is deprecated in C:\xampp\htdocs\Capstone\report_feedback.php on line 50
[12-Oct-2024 15:14:26 Europe/Berlin] PHP Deprecated:  Constant FILTER_SANITIZE_STRING is deprecated in C:\xampp\htdocs\Capstone\report_feedback.php on line 52
[12-Oct-2024 15:14:26 Europe/Berlin] PHP Deprecated:  Constant FILTER_SANITIZE_STRING is deprecated in C:\xampp\htdocs\Capstone\report_feedback.php on line 54
[12-Oct-2024 15:14:26 Europe/Berlin] PHP Warning:  Undefined array key "role" in C:\xampp\htdocs\Capstone\report_feedback.php on line 67
